<?xml version="1.0" encoding="UTF-8"?>
<!-- Generated by org.testng.reporters.JUnitReportReporter -->
<testsuite hostname="Arjun" failures="0" tests="1" name="com.ecom.shopperstack.test.CartTest" time="11.492" errors="0" timestamp="2024-08-04T11:11:26 IST" skipped="0">
  <testcase classname="com.ecom.shopperstack.test.CartTest" name="loginTest" time="11.492"/>
  <system-out/>
</testsuite> <!-- com.ecom.shopperstack.test.CartTest -->
