<?xml version="1.0" encoding="UTF-8"?>
<!-- Generated by org.testng.reporters.JUnitReportReporter -->
<testsuite hostname="Arjun" failures="0" tests="1" name="com.ecom.shopperstack.test.ShopperStackLoginTest" time="5.440" errors="0" timestamp="2024-07-20T13:21:56 IST" skipped="0">
  <testcase classname="com.ecom.shopperstack.test.ShopperStackLoginTest" name="viewProduct" time="5.440"/>
  <system-out/>
</testsuite> <!-- com.ecom.shopperstack.test.ShopperStackLoginTest -->
